<testsuites>
  <errors>0</errors>
  <failures>0</failures>
  <tests>16</tests>
  <testsuite>
    <name>full</name>
    <tests>13</tests>
    <skipped>0</skipped>
    <errors>0</errors>
    <failures>0</failures>
    <testcase>
      <name>descr</name>
      <classname>qosCustomPol</classname>
    </testcase>
    <testcase>
      <name>name</name>
      <classname>qosCustomPol</classname>
    </testcase>
    <testcase>
      <name>nameAlias</name>
      <classname>qosCustomPol</classname>
    </testcase>
    <testcase>
      <name>from</name>
      <classname>qosDscpClass</classname>
    </testcase>
    <testcase>
      <name>prio</name>
      <classname>qosDscpClass</classname>
    </testcase>
    <testcase>
      <name>target</name>
      <classname>qosDscpClass</classname>
    </testcase>
    <testcase>
      <name>targetCos</name>
      <classname>qosDscpClass</classname>
    </testcase>
    <testcase>
      <name>to</name>
      <classname>qosDscpClass</classname>
    </testcase>
    <testcase>
      <name>from</name>
      <classname>qosDot1PClass</classname>
    </testcase>
    <testcase>
      <name>prio</name>
      <classname>qosDot1PClass</classname>
    </testcase>
    <testcase>
      <name>target</name>
      <classname>qosDot1PClass</classname>
    </testcase>
    <testcase>
      <name>targetCos</name>
      <classname>qosDot1PClass</classname>
    </testcase>
    <testcase>
      <name>to</name>
      <classname>qosDot1PClass</classname>
    </testcase>
  </testsuite>
  <testsuite>
    <name>minimal</name>
    <tests>3</tests>
    <skipped>0</skipped>
    <errors>0</errors>
    <failures>0</failures>
    <testcase>
      <name>descr</name>
      <classname>qosCustomPol</classname>
    </testcase>
    <testcase>
      <name>name</name>
      <classname>qosCustomPol</classname>
    </testcase>
    <testcase>
      <name>nameAlias</name>
      <classname>qosCustomPol</classname>
    </testcase>
  </testsuite>
</testsuites>